<?xml version="1.0" encoding="UTF-8"?>
<!-- Generated by org.testng.reporters.JUnitReportReporter -->
<testsuite hostname="VMrhl-149" name="com.yahoo.ycsb.TestNumericByteIterator" tests="2" failures="0" timestamp="19 Apr 2018 21:34:27 GMT" time="0.007" errors="0">
  <testcase name="testLong" time="0.001" classname="com.yahoo.ycsb.TestNumericByteIterator"/>
  <testcase name="testDouble" time="0.006" classname="com.yahoo.ycsb.TestNumericByteIterator"/>
</testsuite>
