<?xml version="1.0" encoding="UTF-8"?>
<!-- Generated by org.testng.reporters.JUnitReportReporter -->
<testsuite hostname="sgzhang-PC" name="com.yahoo.ycsb.generator.TestZipfianGenerator" tests="1" failures="0" timestamp="26 Sep 2017 07:54:52 GMT" time="0.011" errors="0">
  <testcase name="testMinAndMaxParameter" time="0.011" classname="com.yahoo.ycsb.generator.TestZipfianGenerator"/>
</testsuite>
