<?xml version="1.0" encoding="UTF-8"?>
<!-- Generated by org.testng.reporters.JUnitReportReporter -->
<testsuite hostname="sgzhang-PC" name="com.yahoo.ycsb.generator.TestUnixEpochTimestampGenerator" tests="4" failures="0" timestamp="26 Sep 2017 07:54:52 GMT" time="0.001" errors="0">
  <testcase name="variousIntervalsAndUnits" time="0.000" classname="com.yahoo.ycsb.generator.TestUnixEpochTimestampGenerator"/>
  <testcase name="ctorWithIntervalAndUnitsAndStart" time="0.000" classname="com.yahoo.ycsb.generator.TestUnixEpochTimestampGenerator"/>
  <testcase name="defaultCtor" time="0.000" classname="com.yahoo.ycsb.generator.TestUnixEpochTimestampGenerator"/>
  <testcase name="ctorWithIntervalAndUnits" time="0.001" classname="com.yahoo.ycsb.generator.TestUnixEpochTimestampGenerator"/>
</testsuite>
