<?xml version="1.0" encoding="UTF-8"?>
<!-- Generated by org.testng.reporters.JUnitReportReporter -->
<testsuite hostname="VMrhl-149" name="com.yahoo.ycsb.workloads.TestCoreWorkload" tests="2" failures="0" timestamp="19 Apr 2018 21:34:27 GMT" time="0.006" errors="0">
  <testcase name="createOperationChooser" time="0.006" classname="com.yahoo.ycsb.workloads.TestCoreWorkload"/>
  <testcase name="createOperationChooserNullProperties" time="0.000" classname="com.yahoo.ycsb.workloads.TestCoreWorkload"/>
</testsuite>
