<?xml version="1.0" encoding="UTF-8"?>
<!-- Generated by org.testng.reporters.JUnitReportReporter -->
<testsuite hostname="sgzhang-PC" name="com.yahoo.ycsb.TestNumericByteIterator" tests="2" failures="0" timestamp="26 Sep 2017 07:54:52 GMT" time="0.003" errors="0">
  <testcase name="testLong" time="0.000" classname="com.yahoo.ycsb.TestNumericByteIterator"/>
  <testcase name="testDouble" time="0.003" classname="com.yahoo.ycsb.TestNumericByteIterator"/>
</testsuite>
