<?xml version="1.0" encoding="UTF-8"?>
<!-- Generated by org.testng.reporters.JUnitReportReporter -->
<testsuite hostname="sgzhang-PC" name="com.yahoo.ycsb.workloads.TestCoreWorkload" tests="2" failures="0" timestamp="26 Sep 2017 07:54:52 GMT" time="0.034" errors="0">
  <testcase name="createOperationChooser" time="0.033" classname="com.yahoo.ycsb.workloads.TestCoreWorkload"/>
  <testcase name="createOperationChooserNullProperties" time="0.001" classname="com.yahoo.ycsb.workloads.TestCoreWorkload"/>
</testsuite>
