<?xml version="1.0" encoding="UTF-8"?>
<!-- Generated by org.testng.reporters.JUnitReportReporter -->
<testsuite hostname="VMrhl-149" name="com.yahoo.ycsb.workloads.TestTimeSeriesWorkload" tests="12" failures="0" timestamp="19 Apr 2018 21:34:27 GMT" time="0.057" errors="0">
  <testcase name="validateSettingsDataIntegrity" time="0.002" classname="com.yahoo.ycsb.workloads.TestTimeSeriesWorkload"/>
  <testcase name="read" time="0.002" classname="com.yahoo.ycsb.workloads.TestTimeSeriesWorkload"/>
  <testcase name="twoThreads" time="0.003" classname="com.yahoo.ycsb.workloads.TestTimeSeriesWorkload"/>
  <testcase name="insertTwoKeysTwoThreads" time="0.003" classname="com.yahoo.ycsb.workloads.TestTimeSeriesWorkload"/>
  <testcase name="insertOneKeyTwoTagsLowCardinality" time="0.006" classname="com.yahoo.ycsb.workloads.TestTimeSeriesWorkload"/>
  <testcase name="failedToInitWorkloadBeforeThreadInit" time="0.000" classname="com.yahoo.ycsb.workloads.TestTimeSeriesWorkload"/>
  <testcase name="badTimeUnit" time="0.003" classname="com.yahoo.ycsb.workloads.TestTimeSeriesWorkload"/>
  <testcase name="verifyRow" time="0.025" classname="com.yahoo.ycsb.workloads.TestTimeSeriesWorkload"/>
  <testcase name="insertThreeKeysTwoThreads" time="0.004" classname="com.yahoo.ycsb.workloads.TestTimeSeriesWorkload"/>
  <testcase name="insertTwoKeysTwoTagsLowCardinality" time="0.002" classname="com.yahoo.ycsb.workloads.TestTimeSeriesWorkload"/>
  <testcase name="insertWithValidation" time="0.005" classname="com.yahoo.ycsb.workloads.TestTimeSeriesWorkload"/>
  <testcase name="failedToInitThread" time="0.002" classname="com.yahoo.ycsb.workloads.TestTimeSeriesWorkload"/>
</testsuite>
