<?xml version="1.0" encoding="UTF-8"?>
<!-- Generated by org.testng.reporters.JUnitReportReporter -->
<testsuite hostname="VMrhl-149" name="com.yahoo.ycsb.measurements.exporter.TestMeasurementsExporter" tests="1" failures="0" timestamp="19 Apr 2018 21:34:27 GMT" time="0.365" errors="0">
  <testcase name="testJSONArrayMeasurementsExporter" time="0.365" classname="com.yahoo.ycsb.measurements.exporter.TestMeasurementsExporter"/>
</testsuite>
