<?xml version="1.0" encoding="UTF-8"?>
<!-- Generated by org.testng.reporters.JUnitReportReporter -->
<testsuite hostname="VMrhl-149" name="com.yahoo.ycsb.TestStatus" tests="1" failures="0" timestamp="19 Apr 2018 21:34:27 GMT" time="0.005" errors="0">
  <testcase name="testAcceptableStatus" time="0.005" classname="com.yahoo.ycsb.TestStatus"/>
</testsuite>
