<?xml version="1.0" encoding="UTF-8"?>
<!-- Generated by org.testng.reporters.JUnitReportReporter -->
<testsuite hostname="sgzhang-PC" name="com.yahoo.ycsb.TestByteIterator" tests="1" failures="0" timestamp="26 Sep 2017 07:54:52 GMT" time="0.022" errors="0">
  <testcase name="testRandomByteIterator" time="0.022" classname="com.yahoo.ycsb.TestByteIterator"/>
</testsuite>
