<?xml version="1.0" encoding="UTF-8"?>
<!-- Generated by org.testng.reporters.JUnitReportReporter -->
<testsuite hostname="sgzhang-PC" name="com.yahoo.ycsb.measurements.exporter.TestMeasurementsExporter" tests="1" failures="0" timestamp="26 Sep 2017 07:54:52 GMT" time="0.648" errors="0">
  <testcase name="testJSONArrayMeasurementsExporter" time="0.648" classname="com.yahoo.ycsb.measurements.exporter.TestMeasurementsExporter"/>
</testsuite>
